<?xml version="1.0" encoding="UTF-8"?>
<!-- Generated by org.testng.reporters.JUnitReportReporter -->
<testsuite skipped="0" hostname="hp-PC" name="mycompany.SeleniumTest" tests="2" failures="0" timestamp="08 Sep 2019 14:20:13 GMT" time="0.029" errors="0">
  <testcase name="elementui" time="0.000" classname="mycompany.SeleniumTest"/>
  <testcase name="browserautomation" time="0.029" classname="mycompany.SeleniumTest"/>
</testsuite> <!-- mycompany.SeleniumTest -->
