<?xml version="1.0" encoding="UTF-8"?>
<!-- Generated by org.testng.reporters.JUnitReportReporter -->
<testsuite skipped="0" hostname="hp-PC" name="mycompany.AppiumTest" tests="2" failures="0" timestamp="08 Sep 2019 14:20:13 GMT" time="0.002" errors="0">
  <testcase name="iosapps" time="0.001" classname="mycompany.AppiumTest"/>
  <testcase name="nativeapps" time="0.001" classname="mycompany.AppiumTest"/>
</testsuite> <!-- mycompany.AppiumTest -->
